Determining if the pthread_create exist failed with the following output:
Change Dir: /home/yang/桌面/Pratice_Obsever/build/CMakeFiles/CMakeTmp

Run Build Command:"/usr/bin/make" "cmTC_f9d09/fast"
/usr/bin/make -f CMakeFiles/cmTC_f9d09.dir/build.make CMakeFiles/cmTC_f9d09.dir/build
make[1]: 进入目录“/home/yang/桌面/Pratice_Obsever/build/CMakeFiles/CMakeTmp”
Building C object CMakeFiles/cmTC_f9d09.dir/CheckSymbolExists.c.o
/usr/bin/gcc    -o CMakeFiles/cmTC_f9d09.dir/CheckSymbolExists.c.o   -c /home/yang/桌面/Pratice_Obsever/build/CMakeFiles/CMakeTmp/CheckSymbolExists.c
Linking C executable cmTC_f9d09
/usr/bin/cmake -E cmake_link_script CMakeFiles/cmTC_f9d09.dir/link.txt --verbose=1
/usr/bin/gcc      -rdynamic CMakeFiles/cmTC_f9d09.dir/CheckSymbolExists.c.o  -o cmTC_f9d09 
CMakeFiles/cmTC_f9d09.dir/CheckSymbolExists.c.o：在函数‘main’中：
CheckSymbolExists.c:(.text+0x1b)：对‘pthread_create’未定义的引用
collect2: error: ld returned 1 exit status
CMakeFiles/cmTC_f9d09.dir/build.make:97: recipe for target 'cmTC_f9d09' failed
make[1]: *** [cmTC_f9d09] Error 1
make[1]: 离开目录“/home/yang/桌面/Pratice_Obsever/build/CMakeFiles/CMakeTmp”
Makefile:126: recipe for target 'cmTC_f9d09/fast' failed
make: *** [cmTC_f9d09/fast] Error 2

File /home/yang/桌面/Pratice_Obsever/build/CMakeFiles/CMakeTmp/CheckSymbolExists.c:
/* */
#include <pthread.h>

int main(int argc, char** argv)
{
  (void)argv;
#ifndef pthread_create
  return ((int*)(&pthread_create))[argc];
#else
  (void)argc;
  return 0;
#endif
}

Determining if the function pthread_create exists in the pthreads failed with the following output:
Change Dir: /home/yang/桌面/Pratice_Obsever/build/CMakeFiles/CMakeTmp

Run Build Command:"/usr/bin/make" "cmTC_7ad1f/fast"
/usr/bin/make -f CMakeFiles/cmTC_7ad1f.dir/build.make CMakeFiles/cmTC_7ad1f.dir/build
make[1]: 进入目录“/home/yang/桌面/Pratice_Obsever/build/CMakeFiles/CMakeTmp”
Building C object CMakeFiles/cmTC_7ad1f.dir/CheckFunctionExists.c.o
/usr/bin/gcc   -DCHECK_FUNCTION_EXISTS=pthread_create   -o CMakeFiles/cmTC_7ad1f.dir/CheckFunctionExists.c.o   -c /usr/share/cmake-3.10/Modules/CheckFunctionExists.c
Linking C executable cmTC_7ad1f
/usr/bin/cmake -E cmake_link_script CMakeFiles/cmTC_7ad1f.dir/link.txt --verbose=1
/usr/bin/gcc  -DCHECK_FUNCTION_EXISTS=pthread_create    -rdynamic CMakeFiles/cmTC_7ad1f.dir/CheckFunctionExists.c.o  -o cmTC_7ad1f -lpthreads 
/usr/bin/ld: 找不到 -lpthreads
collect2: error: ld returned 1 exit status
CMakeFiles/cmTC_7ad1f.dir/build.make:97: recipe for target 'cmTC_7ad1f' failed
make[1]: *** [cmTC_7ad1f] Error 1
make[1]: 离开目录“/home/yang/桌面/Pratice_Obsever/build/CMakeFiles/CMakeTmp”
Makefile:126: recipe for target 'cmTC_7ad1f/fast' failed
make: *** [cmTC_7ad1f/fast] Error 2


